[2016-05-09 23:11:58] production.ERROR: ErrorException: file_put_contents(/home/ray/Source/HarvestHand/API/bootstrap/cache/services.php): failed to open stream: Permission denied in /home/ray/Source/HarvestHand/API/vendor/laravel/framework/src/Illuminate/Filesystem/Filesystem.php:109
Stack trace:
#0 [internal function]: Illuminate\Foundation\Bootstrap\HandleExceptions->handleError(2, 'file_put_conten...', '/home/ray/Sourc...', 109, Array)
#1 /home/ray/Source/HarvestHand/API/vendor/laravel/framework/src/Illuminate/Filesystem/Filesystem.php(109): file_put_contents('/home/ray/Sourc...', '<?php return ar...', 0)
#2 /home/ray/Source/HarvestHand/API/vendor/laravel/framework/src/Illuminate/Foundation/ProviderRepository.php(187): Illuminate\Filesystem\Filesystem->put('/home/ray/Sourc...', '<?php return ar...')
#3 /home/ray/Source/HarvestHand/API/vendor/laravel/framework/src/Illuminate/Foundation/ProviderRepository.php(135): Illuminate\Foundation\ProviderRepository->writeManifest(Array)
#4 /home/ray/Source/HarvestHand/API/vendor/laravel/framework/src/Illuminate/Foundation/ProviderRepository.php(60): Illuminate\Foundation\ProviderRepository->compileManifest(Array)
#5 /home/ray/Source/HarvestHand/API/vendor/laravel/framework/src/Illuminate/Foundation/Application.php(530): Illuminate\Foundation\ProviderRepository->load(Array)
#6 /home/ray/Source/HarvestHand/API/vendor/laravel/framework/src/Illuminate/Foundation/Bootstrap/RegisterProviders.php(17): Illuminate\Foundation\Application->registerConfiguredProviders()
#7 /home/ray/Source/HarvestHand/API/vendor/laravel/framework/src/Illuminate/Foundation/Application.php(203): Illuminate\Foundation\Bootstrap\RegisterProviders->bootstrap(Object(Illuminate\Foundation\Application))
#8 /home/ray/Source/HarvestHand/API/vendor/laravel/framework/src/Illuminate/Foundation/Http/Kernel.php(232): Illuminate\Foundation\Application->bootstrapWith(Array)
#9 /home/ray/Source/HarvestHand/API/vendor/laravel/framework/src/Illuminate/Foundation/Http/Kernel.php(127): Illuminate\Foundation\Http\Kernel->bootstrap()
#10 /home/ray/Source/HarvestHand/API/vendor/laravel/framework/src/Illuminate/Foundation/Http/Kernel.php(99): Illuminate\Foundation\Http\Kernel->sendRequestThroughRouter(Object(Illuminate\Http\Request))
#11 /home/ray/Source/HarvestHand/API/public/index.php(53): Illuminate\Foundation\Http\Kernel->handle(Object(Illuminate\Http\Request))
#12 {main}  
[2016-05-09 23:11:58] production.ERROR: ReflectionException: Class view does not exist in /home/ray/Source/HarvestHand/API/vendor/laravel/framework/src/Illuminate/Container/Container.php:738
Stack trace:
#0 /home/ray/Source/HarvestHand/API/vendor/laravel/framework/src/Illuminate/Container/Container.php(738): ReflectionClass->__construct('view')
#1 /home/ray/Source/HarvestHand/API/vendor/laravel/framework/src/Illuminate/Container/Container.php(633): Illuminate\Container\Container->build('view', Array)
#2 /home/ray/Source/HarvestHand/API/vendor/laravel/framework/src/Illuminate/Foundation/Application.php(697): Illuminate\Container\Container->make('view', Array)
#3 /home/ray/Source/HarvestHand/API/vendor/laravel/framework/src/Illuminate/Container/Container.php(1178): Illuminate\Foundation\Application->make('view')
#4 /home/ray/Source/HarvestHand/API/vendor/laravel/framework/src/Illuminate/Routing/RoutingServiceProvider.php(144): Illuminate\Container\Container->offsetGet('Illuminate\\Cont...')
#5 /home/ray/Source/HarvestHand/API/vendor/laravel/framework/src/Illuminate/Container/Container.php(735): Illuminate\Routing\RoutingServiceProvider->Illuminate\Routing\{closure}(Object(Illuminate\Foundation\Application), Array)
#6 /home/ray/Source/HarvestHand/API/vendor/laravel/framework/src/Illuminate/Container/Container.php(633): Illuminate\Container\Container->build(Object(Closure), Array)
#7 /home/ray/Source/HarvestHand/API/vendor/laravel/framework/src/Illuminate/Foundation/Application.php(697): Illuminate\Container\Container->make('Illuminate\\Cont...', Array)
#8 /home/ray/Source/HarvestHand/API/vendor/laravel/framework/src/Illuminate/Foundation/helpers.php(105): Illuminate\Foundation\Application->make('Illuminate\\Cont...', Array)
#9 /home/ray/Source/HarvestHand/API/vendor/laravel/framework/src/Illuminate/Foundation/helpers.php(598): app('Illuminate\\Cont...')
#10 /home/ray/Source/HarvestHand/API/app/Exceptions/Handler.php(49): response()
#11 /home/ray/Source/HarvestHand/API/vendor/laravel/framework/src/Illuminate/Foundation/Http/Kernel.php(291): App\Exceptions\Handler->render(Object(Illuminate\Http\Request), Object(ErrorException))
#12 /home/ray/Source/HarvestHand/API/vendor/laravel/framework/src/Illuminate/Foundation/Http/Kernel.php(103): Illuminate\Foundation\Http\Kernel->renderException(Object(Illuminate\Http\Request), Object(ErrorException))
#13 /home/ray/Source/HarvestHand/API/public/index.php(53): Illuminate\Foundation\Http\Kernel->handle(Object(Illuminate\Http\Request))
#14 {main}  
[2016-05-09 23:11:58] production.ERROR: Symfony\Component\Debug\Exception\FatalErrorException: Uncaught ReflectionException: Class view does not exist in /home/ray/Source/HarvestHand/API/vendor/laravel/framework/src/Illuminate/Container/Container.php:738
Stack trace:
#0 /home/ray/Source/HarvestHand/API/vendor/laravel/framework/src/Illuminate/Container/Container.php(738): ReflectionClass->__construct('view')
#1 /home/ray/Source/HarvestHand/API/vendor/laravel/framework/src/Illuminate/Container/Container.php(633): Illuminate\Container\Container->build('view', Array)
#2 /home/ray/Source/HarvestHand/API/vendor/laravel/framework/src/Illuminate/Foundation/Application.php(697): Illuminate\Container\Container->make('view', Array)
#3 /home/ray/Source/HarvestHand/API/vendor/laravel/framework/src/Illuminate/Container/Container.php(1178): Illuminate\Foundation\Application->make('view')
#4 /home/ray/Source/HarvestHand/API/vendor/laravel/framework/src/Illuminate/Routing/RoutingServiceProvider.php(144): Illuminate\Container\Container->offsetGet('Illuminate\\Cont...')
#5 /home/ray/Source/HarvestHand/API/vendor/laravel/ in /home/ray/Source/HarvestHand/API/vendor/laravel/framework/src/Illuminate/Container/Container.php:738
Stack trace:
#0 /home/ray/Source/HarvestHand/API/vendor/laravel/framework/src/Illuminate/Foundation/Bootstrap/HandleExceptions.php(132): Symfony\Component\Debug\Exception\FatalErrorException->__construct()
#1 /home/ray/Source/HarvestHand/API/vendor/laravel/framework/src/Illuminate/Foundation/Bootstrap/HandleExceptions.php(118): Illuminate\Foundation\Bootstrap\HandleExceptions->fatalExceptionFromError()
#2 /home/ray/Source/HarvestHand/API/vendor/laravel/framework/src/Illuminate/Foundation/Bootstrap/HandleExceptions.php(0): Illuminate\Foundation\Bootstrap\HandleExceptions->handleShutdown()
#3 {main}  
[2016-05-09 23:13:01] production.ERROR: ErrorException: file_put_contents(/home/ray/Source/HarvestHand/API/bootstrap/cache/services.php): failed to open stream: Permission denied in /home/ray/Source/HarvestHand/API/vendor/laravel/framework/src/Illuminate/Filesystem/Filesystem.php:109
Stack trace:
#0 [internal function]: Illuminate\Foundation\Bootstrap\HandleExceptions->handleError(2, 'file_put_conten...', '/home/ray/Sourc...', 109, Array)
#1 /home/ray/Source/HarvestHand/API/vendor/laravel/framework/src/Illuminate/Filesystem/Filesystem.php(109): file_put_contents('/home/ray/Sourc...', '<?php return ar...', 0)
#2 /home/ray/Source/HarvestHand/API/vendor/laravel/framework/src/Illuminate/Foundation/ProviderRepository.php(187): Illuminate\Filesystem\Filesystem->put('/home/ray/Sourc...', '<?php return ar...')
#3 /home/ray/Source/HarvestHand/API/vendor/laravel/framework/src/Illuminate/Foundation/ProviderRepository.php(135): Illuminate\Foundation\ProviderRepository->writeManifest(Array)
#4 /home/ray/Source/HarvestHand/API/vendor/laravel/framework/src/Illuminate/Foundation/ProviderRepository.php(60): Illuminate\Foundation\ProviderRepository->compileManifest(Array)
#5 /home/ray/Source/HarvestHand/API/vendor/laravel/framework/src/Illuminate/Foundation/Application.php(530): Illuminate\Foundation\ProviderRepository->load(Array)
#6 /home/ray/Source/HarvestHand/API/vendor/laravel/framework/src/Illuminate/Foundation/Bootstrap/RegisterProviders.php(17): Illuminate\Foundation\Application->registerConfiguredProviders()
#7 /home/ray/Source/HarvestHand/API/vendor/laravel/framework/src/Illuminate/Foundation/Application.php(203): Illuminate\Foundation\Bootstrap\RegisterProviders->bootstrap(Object(Illuminate\Foundation\Application))
#8 /home/ray/Source/HarvestHand/API/vendor/laravel/framework/src/Illuminate/Foundation/Http/Kernel.php(232): Illuminate\Foundation\Application->bootstrapWith(Array)
#9 /home/ray/Source/HarvestHand/API/vendor/laravel/framework/src/Illuminate/Foundation/Http/Kernel.php(127): Illuminate\Foundation\Http\Kernel->bootstrap()
#10 /home/ray/Source/HarvestHand/API/vendor/laravel/framework/src/Illuminate/Foundation/Http/Kernel.php(99): Illuminate\Foundation\Http\Kernel->sendRequestThroughRouter(Object(Illuminate\Http\Request))
#11 /home/ray/Source/HarvestHand/API/public/index.php(53): Illuminate\Foundation\Http\Kernel->handle(Object(Illuminate\Http\Request))
#12 {main}  
[2016-05-09 23:13:01] production.ERROR: ReflectionException: Class view does not exist in /home/ray/Source/HarvestHand/API/vendor/laravel/framework/src/Illuminate/Container/Container.php:738
Stack trace:
#0 /home/ray/Source/HarvestHand/API/vendor/laravel/framework/src/Illuminate/Container/Container.php(738): ReflectionClass->__construct('view')
#1 /home/ray/Source/HarvestHand/API/vendor/laravel/framework/src/Illuminate/Container/Container.php(633): Illuminate\Container\Container->build('view', Array)
#2 /home/ray/Source/HarvestHand/API/vendor/laravel/framework/src/Illuminate/Foundation/Application.php(697): Illuminate\Container\Container->make('view', Array)
#3 /home/ray/Source/HarvestHand/API/vendor/laravel/framework/src/Illuminate/Container/Container.php(1178): Illuminate\Foundation\Application->make('view')
#4 /home/ray/Source/HarvestHand/API/vendor/laravel/framework/src/Illuminate/Routing/RoutingServiceProvider.php(144): Illuminate\Container\Container->offsetGet('Illuminate\\Cont...')
#5 /home/ray/Source/HarvestHand/API/vendor/laravel/framework/src/Illuminate/Container/Container.php(735): Illuminate\Routing\RoutingServiceProvider->Illuminate\Routing\{closure}(Object(Illuminate\Foundation\Application), Array)
#6 /home/ray/Source/HarvestHand/API/vendor/laravel/framework/src/Illuminate/Container/Container.php(633): Illuminate\Container\Container->build(Object(Closure), Array)
#7 /home/ray/Source/HarvestHand/API/vendor/laravel/framework/src/Illuminate/Foundation/Application.php(697): Illuminate\Container\Container->make('Illuminate\\Cont...', Array)
#8 /home/ray/Source/HarvestHand/API/vendor/laravel/framework/src/Illuminate/Foundation/helpers.php(105): Illuminate\Foundation\Application->make('Illuminate\\Cont...', Array)
#9 /home/ray/Source/HarvestHand/API/vendor/laravel/framework/src/Illuminate/Foundation/helpers.php(598): app('Illuminate\\Cont...')
#10 /home/ray/Source/HarvestHand/API/app/Exceptions/Handler.php(49): response()
#11 /home/ray/Source/HarvestHand/API/vendor/laravel/framework/src/Illuminate/Foundation/Http/Kernel.php(291): App\Exceptions\Handler->render(Object(Illuminate\Http\Request), Object(ErrorException))
#12 /home/ray/Source/HarvestHand/API/vendor/laravel/framework/src/Illuminate/Foundation/Http/Kernel.php(103): Illuminate\Foundation\Http\Kernel->renderException(Object(Illuminate\Http\Request), Object(ErrorException))
#13 /home/ray/Source/HarvestHand/API/public/index.php(53): Illuminate\Foundation\Http\Kernel->handle(Object(Illuminate\Http\Request))
#14 {main}  
[2016-05-09 23:13:01] production.ERROR: Symfony\Component\Debug\Exception\FatalErrorException: Uncaught ReflectionException: Class view does not exist in /home/ray/Source/HarvestHand/API/vendor/laravel/framework/src/Illuminate/Container/Container.php:738
Stack trace:
#0 /home/ray/Source/HarvestHand/API/vendor/laravel/framework/src/Illuminate/Container/Container.php(738): ReflectionClass->__construct('view')
#1 /home/ray/Source/HarvestHand/API/vendor/laravel/framework/src/Illuminate/Container/Container.php(633): Illuminate\Container\Container->build('view', Array)
#2 /home/ray/Source/HarvestHand/API/vendor/laravel/framework/src/Illuminate/Foundation/Application.php(697): Illuminate\Container\Container->make('view', Array)
#3 /home/ray/Source/HarvestHand/API/vendor/laravel/framework/src/Illuminate/Container/Container.php(1178): Illuminate\Foundation\Application->make('view')
#4 /home/ray/Source/HarvestHand/API/vendor/laravel/framework/src/Illuminate/Routing/RoutingServiceProvider.php(144): Illuminate\Container\Container->offsetGet('Illuminate\\Cont...')
#5 /home/ray/Source/HarvestHand/API/vendor/laravel/ in /home/ray/Source/HarvestHand/API/vendor/laravel/framework/src/Illuminate/Container/Container.php:738
Stack trace:
#0 /home/ray/Source/HarvestHand/API/vendor/laravel/framework/src/Illuminate/Foundation/Bootstrap/HandleExceptions.php(132): Symfony\Component\Debug\Exception\FatalErrorException->__construct()
#1 /home/ray/Source/HarvestHand/API/vendor/laravel/framework/src/Illuminate/Foundation/Bootstrap/HandleExceptions.php(118): Illuminate\Foundation\Bootstrap\HandleExceptions->fatalExceptionFromError()
#2 /home/ray/Source/HarvestHand/API/vendor/laravel/framework/src/Illuminate/Foundation/Bootstrap/HandleExceptions.php(0): Illuminate\Foundation\Bootstrap\HandleExceptions->handleShutdown()
#3 {main}  
[2016-05-09 23:14:47] production.ERROR: ErrorException: file_put_contents(/home/ray/Source/HarvestHand/API/bootstrap/cache/services.php): failed to open stream: Permission denied in /home/ray/Source/HarvestHand/API/vendor/laravel/framework/src/Illuminate/Filesystem/Filesystem.php:109
Stack trace:
#0 [internal function]: Illuminate\Foundation\Bootstrap\HandleExceptions->handleError(2, 'file_put_conten...', '/home/ray/Sourc...', 109, Array)
#1 /home/ray/Source/HarvestHand/API/vendor/laravel/framework/src/Illuminate/Filesystem/Filesystem.php(109): file_put_contents('/home/ray/Sourc...', '<?php return ar...', 0)
#2 /home/ray/Source/HarvestHand/API/vendor/laravel/framework/src/Illuminate/Foundation/ProviderRepository.php(187): Illuminate\Filesystem\Filesystem->put('/home/ray/Sourc...', '<?php return ar...')
#3 /home/ray/Source/HarvestHand/API/vendor/laravel/framework/src/Illuminate/Foundation/ProviderRepository.php(135): Illuminate\Foundation\ProviderRepository->writeManifest(Array)
#4 /home/ray/Source/HarvestHand/API/vendor/laravel/framework/src/Illuminate/Foundation/ProviderRepository.php(60): Illuminate\Foundation\ProviderRepository->compileManifest(Array)
#5 /home/ray/Source/HarvestHand/API/vendor/laravel/framework/src/Illuminate/Foundation/Application.php(530): Illuminate\Foundation\ProviderRepository->load(Array)
#6 /home/ray/Source/HarvestHand/API/vendor/laravel/framework/src/Illuminate/Foundation/Bootstrap/RegisterProviders.php(17): Illuminate\Foundation\Application->registerConfiguredProviders()
#7 /home/ray/Source/HarvestHand/API/vendor/laravel/framework/src/Illuminate/Foundation/Application.php(203): Illuminate\Foundation\Bootstrap\RegisterProviders->bootstrap(Object(Illuminate\Foundation\Application))
#8 /home/ray/Source/HarvestHand/API/vendor/laravel/framework/src/Illuminate/Foundation/Http/Kernel.php(232): Illuminate\Foundation\Application->bootstrapWith(Array)
#9 /home/ray/Source/HarvestHand/API/vendor/laravel/framework/src/Illuminate/Foundation/Http/Kernel.php(127): Illuminate\Foundation\Http\Kernel->bootstrap()
#10 /home/ray/Source/HarvestHand/API/vendor/laravel/framework/src/Illuminate/Foundation/Http/Kernel.php(99): Illuminate\Foundation\Http\Kernel->sendRequestThroughRouter(Object(Illuminate\Http\Request))
#11 /home/ray/Source/HarvestHand/API/public/index.php(53): Illuminate\Foundation\Http\Kernel->handle(Object(Illuminate\Http\Request))
#12 {main}  
[2016-05-09 23:14:47] production.ERROR: ReflectionException: Class view does not exist in /home/ray/Source/HarvestHand/API/vendor/laravel/framework/src/Illuminate/Container/Container.php:738
Stack trace:
#0 /home/ray/Source/HarvestHand/API/vendor/laravel/framework/src/Illuminate/Container/Container.php(738): ReflectionClass->__construct('view')
#1 /home/ray/Source/HarvestHand/API/vendor/laravel/framework/src/Illuminate/Container/Container.php(633): Illuminate\Container\Container->build('view', Array)
#2 /home/ray/Source/HarvestHand/API/vendor/laravel/framework/src/Illuminate/Foundation/Application.php(697): Illuminate\Container\Container->make('view', Array)
#3 /home/ray/Source/HarvestHand/API/vendor/laravel/framework/src/Illuminate/Container/Container.php(1178): Illuminate\Foundation\Application->make('view')
#4 /home/ray/Source/HarvestHand/API/vendor/laravel/framework/src/Illuminate/Routing/RoutingServiceProvider.php(144): Illuminate\Container\Container->offsetGet('Illuminate\\Cont...')
#5 /home/ray/Source/HarvestHand/API/vendor/laravel/framework/src/Illuminate/Container/Container.php(735): Illuminate\Routing\RoutingServiceProvider->Illuminate\Routing\{closure}(Object(Illuminate\Foundation\Application), Array)
#6 /home/ray/Source/HarvestHand/API/vendor/laravel/framework/src/Illuminate/Container/Container.php(633): Illuminate\Container\Container->build(Object(Closure), Array)
#7 /home/ray/Source/HarvestHand/API/vendor/laravel/framework/src/Illuminate/Foundation/Application.php(697): Illuminate\Container\Container->make('Illuminate\\Cont...', Array)
#8 /home/ray/Source/HarvestHand/API/vendor/laravel/framework/src/Illuminate/Foundation/helpers.php(105): Illuminate\Foundation\Application->make('Illuminate\\Cont...', Array)
#9 /home/ray/Source/HarvestHand/API/vendor/laravel/framework/src/Illuminate/Foundation/helpers.php(598): app('Illuminate\\Cont...')
#10 /home/ray/Source/HarvestHand/API/app/Exceptions/Handler.php(49): response()
#11 /home/ray/Source/HarvestHand/API/vendor/laravel/framework/src/Illuminate/Foundation/Http/Kernel.php(291): App\Exceptions\Handler->render(Object(Illuminate\Http\Request), Object(ErrorException))
#12 /home/ray/Source/HarvestHand/API/vendor/laravel/framework/src/Illuminate/Foundation/Http/Kernel.php(103): Illuminate\Foundation\Http\Kernel->renderException(Object(Illuminate\Http\Request), Object(ErrorException))
#13 /home/ray/Source/HarvestHand/API/public/index.php(53): Illuminate\Foundation\Http\Kernel->handle(Object(Illuminate\Http\Request))
#14 {main}  
[2016-05-09 23:14:47] production.ERROR: Symfony\Component\Debug\Exception\FatalErrorException: Uncaught ReflectionException: Class view does not exist in /home/ray/Source/HarvestHand/API/vendor/laravel/framework/src/Illuminate/Container/Container.php:738
Stack trace:
#0 /home/ray/Source/HarvestHand/API/vendor/laravel/framework/src/Illuminate/Container/Container.php(738): ReflectionClass->__construct('view')
#1 /home/ray/Source/HarvestHand/API/vendor/laravel/framework/src/Illuminate/Container/Container.php(633): Illuminate\Container\Container->build('view', Array)
#2 /home/ray/Source/HarvestHand/API/vendor/laravel/framework/src/Illuminate/Foundation/Application.php(697): Illuminate\Container\Container->make('view', Array)
#3 /home/ray/Source/HarvestHand/API/vendor/laravel/framework/src/Illuminate/Container/Container.php(1178): Illuminate\Foundation\Application->make('view')
#4 /home/ray/Source/HarvestHand/API/vendor/laravel/framework/src/Illuminate/Routing/RoutingServiceProvider.php(144): Illuminate\Container\Container->offsetGet('Illuminate\\Cont...')
#5 /home/ray/Source/HarvestHand/API/vendor/laravel/ in /home/ray/Source/HarvestHand/API/vendor/laravel/framework/src/Illuminate/Container/Container.php:738
Stack trace:
#0 /home/ray/Source/HarvestHand/API/vendor/laravel/framework/src/Illuminate/Foundation/Bootstrap/HandleExceptions.php(132): Symfony\Component\Debug\Exception\FatalErrorException->__construct()
#1 /home/ray/Source/HarvestHand/API/vendor/laravel/framework/src/Illuminate/Foundation/Bootstrap/HandleExceptions.php(118): Illuminate\Foundation\Bootstrap\HandleExceptions->fatalExceptionFromError()
#2 /home/ray/Source/HarvestHand/API/vendor/laravel/framework/src/Illuminate/Foundation/Bootstrap/HandleExceptions.php(0): Illuminate\Foundation\Bootstrap\HandleExceptions->handleShutdown()
#3 {main}  
[2016-05-09 23:16:53] development.ERROR: ErrorException: file_put_contents(/home/ray/Source/HarvestHand/API/bootstrap/cache/services.php): failed to open stream: Permission denied in /home/ray/Source/HarvestHand/API/vendor/laravel/framework/src/Illuminate/Filesystem/Filesystem.php:109
Stack trace:
#0 [internal function]: Illuminate\Foundation\Bootstrap\HandleExceptions->handleError(2, 'file_put_conten...', '/home/ray/Sourc...', 109, Array)
#1 /home/ray/Source/HarvestHand/API/vendor/laravel/framework/src/Illuminate/Filesystem/Filesystem.php(109): file_put_contents('/home/ray/Sourc...', '<?php return ar...', 0)
#2 /home/ray/Source/HarvestHand/API/vendor/laravel/framework/src/Illuminate/Foundation/ProviderRepository.php(187): Illuminate\Filesystem\Filesystem->put('/home/ray/Sourc...', '<?php return ar...')
#3 /home/ray/Source/HarvestHand/API/vendor/laravel/framework/src/Illuminate/Foundation/ProviderRepository.php(135): Illuminate\Foundation\ProviderRepository->writeManifest(Array)
#4 /home/ray/Source/HarvestHand/API/vendor/laravel/framework/src/Illuminate/Foundation/ProviderRepository.php(60): Illuminate\Foundation\ProviderRepository->compileManifest(Array)
#5 /home/ray/Source/HarvestHand/API/vendor/laravel/framework/src/Illuminate/Foundation/Application.php(530): Illuminate\Foundation\ProviderRepository->load(Array)
#6 /home/ray/Source/HarvestHand/API/vendor/laravel/framework/src/Illuminate/Foundation/Bootstrap/RegisterProviders.php(17): Illuminate\Foundation\Application->registerConfiguredProviders()
#7 /home/ray/Source/HarvestHand/API/vendor/laravel/framework/src/Illuminate/Foundation/Application.php(203): Illuminate\Foundation\Bootstrap\RegisterProviders->bootstrap(Object(Illuminate\Foundation\Application))
#8 /home/ray/Source/HarvestHand/API/vendor/laravel/framework/src/Illuminate/Foundation/Http/Kernel.php(232): Illuminate\Foundation\Application->bootstrapWith(Array)
#9 /home/ray/Source/HarvestHand/API/vendor/laravel/framework/src/Illuminate/Foundation/Http/Kernel.php(127): Illuminate\Foundation\Http\Kernel->bootstrap()
#10 /home/ray/Source/HarvestHand/API/vendor/laravel/framework/src/Illuminate/Foundation/Http/Kernel.php(99): Illuminate\Foundation\Http\Kernel->sendRequestThroughRouter(Object(Illuminate\Http\Request))
#11 /home/ray/Source/HarvestHand/API/public/index.php(53): Illuminate\Foundation\Http\Kernel->handle(Object(Illuminate\Http\Request))
#12 {main}  
[2016-05-09 23:16:53] development.ERROR: ReflectionException: Class view does not exist in /home/ray/Source/HarvestHand/API/vendor/laravel/framework/src/Illuminate/Container/Container.php:738
Stack trace:
#0 /home/ray/Source/HarvestHand/API/vendor/laravel/framework/src/Illuminate/Container/Container.php(738): ReflectionClass->__construct('view')
#1 /home/ray/Source/HarvestHand/API/vendor/laravel/framework/src/Illuminate/Container/Container.php(633): Illuminate\Container\Container->build('view', Array)
#2 /home/ray/Source/HarvestHand/API/vendor/laravel/framework/src/Illuminate/Foundation/Application.php(697): Illuminate\Container\Container->make('view', Array)
#3 /home/ray/Source/HarvestHand/API/vendor/laravel/framework/src/Illuminate/Container/Container.php(1178): Illuminate\Foundation\Application->make('view')
#4 /home/ray/Source/HarvestHand/API/vendor/laravel/framework/src/Illuminate/Routing/RoutingServiceProvider.php(144): Illuminate\Container\Container->offsetGet('Illuminate\\Cont...')
#5 /home/ray/Source/HarvestHand/API/vendor/laravel/framework/src/Illuminate/Container/Container.php(735): Illuminate\Routing\RoutingServiceProvider->Illuminate\Routing\{closure}(Object(Illuminate\Foundation\Application), Array)
#6 /home/ray/Source/HarvestHand/API/vendor/laravel/framework/src/Illuminate/Container/Container.php(633): Illuminate\Container\Container->build(Object(Closure), Array)
#7 /home/ray/Source/HarvestHand/API/vendor/laravel/framework/src/Illuminate/Foundation/Application.php(697): Illuminate\Container\Container->make('Illuminate\\Cont...', Array)
#8 /home/ray/Source/HarvestHand/API/vendor/laravel/framework/src/Illuminate/Foundation/helpers.php(105): Illuminate\Foundation\Application->make('Illuminate\\Cont...', Array)
#9 /home/ray/Source/HarvestHand/API/vendor/laravel/framework/src/Illuminate/Foundation/helpers.php(598): app('Illuminate\\Cont...')
#10 /home/ray/Source/HarvestHand/API/app/Exceptions/Handler.php(49): response()
#11 /home/ray/Source/HarvestHand/API/vendor/laravel/framework/src/Illuminate/Foundation/Http/Kernel.php(291): App\Exceptions\Handler->render(Object(Illuminate\Http\Request), Object(ErrorException))
#12 /home/ray/Source/HarvestHand/API/vendor/laravel/framework/src/Illuminate/Foundation/Http/Kernel.php(103): Illuminate\Foundation\Http\Kernel->renderException(Object(Illuminate\Http\Request), Object(ErrorException))
#13 /home/ray/Source/HarvestHand/API/public/index.php(53): Illuminate\Foundation\Http\Kernel->handle(Object(Illuminate\Http\Request))
#14 {main}  
[2016-05-09 23:16:53] development.ERROR: Symfony\Component\Debug\Exception\FatalErrorException: Uncaught ReflectionException: Class view does not exist in /home/ray/Source/HarvestHand/API/vendor/laravel/framework/src/Illuminate/Container/Container.php:738
Stack trace:
#0 /home/ray/Source/HarvestHand/API/vendor/laravel/framework/src/Illuminate/Container/Container.php(738): ReflectionClass->__construct('view')
#1 /home/ray/Source/HarvestHand/API/vendor/laravel/framework/src/Illuminate/Container/Container.php(633): Illuminate\Container\Container->build('view', Array)
#2 /home/ray/Source/HarvestHand/API/vendor/laravel/framework/src/Illuminate/Foundation/Application.php(697): Illuminate\Container\Container->make('view', Array)
#3 /home/ray/Source/HarvestHand/API/vendor/laravel/framework/src/Illuminate/Container/Container.php(1178): Illuminate\Foundation\Application->make('view')
#4 /home/ray/Source/HarvestHand/API/vendor/laravel/framework/src/Illuminate/Routing/RoutingServiceProvider.php(144): Illuminate\Container\Container->offsetGet('Illuminate\\Cont...')
#5 /home/ray/Source/HarvestHand/API/vendor/laravel/ in /home/ray/Source/HarvestHand/API/vendor/laravel/framework/src/Illuminate/Container/Container.php:738
Stack trace:
#0 /home/ray/Source/HarvestHand/API/vendor/laravel/framework/src/Illuminate/Foundation/Bootstrap/HandleExceptions.php(132): Symfony\Component\Debug\Exception\FatalErrorException->__construct()
#1 /home/ray/Source/HarvestHand/API/vendor/laravel/framework/src/Illuminate/Foundation/Bootstrap/HandleExceptions.php(118): Illuminate\Foundation\Bootstrap\HandleExceptions->fatalExceptionFromError()
#2 /home/ray/Source/HarvestHand/API/vendor/laravel/framework/src/Illuminate/Foundation/Bootstrap/HandleExceptions.php(0): Illuminate\Foundation\Bootstrap\HandleExceptions->handleShutdown()
#3 {main}  
[2016-05-19 22:22:40] local.ERROR: Symfony\Component\Console\Exception\CommandNotFoundException: There are no commands defined in the "new" namespace. in /home/ray/Source/HarvestHand/API/vendor/symfony/console/Application.php:466
Stack trace:
#0 /home/ray/Source/HarvestHand/API/vendor/symfony/console/Application.php(498): Symfony\Component\Console\Application->findNamespace('new')
#1 /home/ray/Source/HarvestHand/API/vendor/symfony/console/Application.php(183): Symfony\Component\Console\Application->find('new:model')
#2 /home/ray/Source/HarvestHand/API/vendor/symfony/console/Application.php(117): Symfony\Component\Console\Application->doRun(Object(Symfony\Component\Console\Input\ArgvInput), Object(Symfony\Component\Console\Output\ConsoleOutput))
#3 /home/ray/Source/HarvestHand/API/vendor/laravel/framework/src/Illuminate/Foundation/Console/Kernel.php(107): Symfony\Component\Console\Application->run(Object(Symfony\Component\Console\Input\ArgvInput), Object(Symfony\Component\Console\Output\ConsoleOutput))
#4 /home/ray/Source/HarvestHand/API/artisan(35): Illuminate\Foundation\Console\Kernel->handle(Object(Symfony\Component\Console\Input\ArgvInput), Object(Symfony\Component\Console\Output\ConsoleOutput))
#5 {main}  
